生成启动时间为 2012/6/29 23:09:23。
     1>项目“E:\呵呵\软三开发实践\lixSniff\mcf6\mcf6\mcf6.vcxproj”在节点 2 上(build 个目标)。
     1>InitializeBuildStatus:
         正在创建“Debug\mcf6.unsuccessfulbuild”，因为已指定“AlwaysCreate”。
       ClCompile:
         所有输出均为最新。
         所有输出均为最新。
       ResourceCompile:
         C:\Program Files\Microsoft SDKs\Windows\v7.0A\bin\rc.exe /D _DEBUG /D _UNICODE /D UNICODE /D _AFXDLL /l"0x0804" /IDebug\ /nologo /fo"Debug\mcf6.res" mcf6.rc 
       Link:
         C:\Program Files\Microsoft Visual Studio 10.0\VC\bin\link.exe /ERRORREPORT:PROMPT /OUT:"E:\呵呵\软三开发实践\lixSniff\mcf6\Debug\mcf6.exe" /INCREMENTAL:NO /NOLOGO wpcap.lib wpcap.lib ws2_32.lib /MANIFEST /ManifestFile:"Debug\mcf6.exe.intermediate.manifest" /MANIFESTUAC:"level='asInvoker' uiAccess='false'" /DEBUG /PDB:"E:\呵呵\软三开发实践\lixSniff\mcf6\Debug\mcf6.pdb" /MAP /SUBSYSTEM:WINDOWS /TLBID:1 /ENTRY:"wWinMainCRTStartup" /DYNAMICBASE /NXCOMPAT /IMPLIB:"E:\呵呵\软三开发实践\lixSniff\mcf6\Debug\mcf6.lib" /MACHINE:X86 Debug\mcf6.res
         Debug\mcf6.obj
         Debug\mcf6Dlg.obj
         Debug\stdafx.obj
         Debug\utilities.obj wpcap.lib ws2_32.lib 
     1>mcf6.obj : warning LNK4075: 忽略“/EDITANDCONTINUE”(由于“/INCREMENTAL:NO”规范)
         mcf6.vcxproj -> E:\呵呵\软三开发实践\lixSniff\mcf6\Debug\mcf6.exe
       Manifest:
         C:\Program Files\Microsoft SDKs\Windows\v7.0A\bin\mt.exe /nologo /verbose /outputresource:"E:\呵呵\软三开发实践\lixSniff\mcf6\Debug\mcf6.exe;#1" /manifest Debug\mcf6.exe.intermediate.manifest "C:\Program Files\Microsoft Visual Studio 10.0\VC\Include\Manifest\dpiaware.manifest"
       FinalizeBuildStatus:
         正在删除文件“Debug\mcf6.unsuccessfulbuild”。
         正在对“Debug\mcf6.lastbuildstate”执行 Touch 任务。
     1>已完成生成项目“E:\呵呵\软三开发实践\lixSniff\mcf6\mcf6\mcf6.vcxproj”(build 个目标)的操作。

生成成功。

已用时间 00:00:05.20
